<?xml version="1.0" encoding="UTF-8"?>
<!-- Generated by org.testng.reporters.JUnitReportReporter -->
<testsuite hostname="DESKTOP-7P730EH" failures="0" tests="1" name="com.objectrep.semicab.ValidateInvoice" time="11.365" errors="0" timestamp="2021-09-23T13:33:25 IST" skipped="0">
  <testcase classname="com.objectrep.semicab.ValidateInvoice" name="dataValidation" time="11.365"/>
  <system-out/>
</testsuite> <!-- com.objectrep.semicab.ValidateInvoice -->
