<?xml version="1.0" encoding="UTF-8"?>
<!-- Generated by org.testng.reporters.JUnitReportReporter -->
<testsuite hostname="DESKTOP-7P730EH" failures="0" tests="1" name="com.testscripts.semicab.ValidateStatusEvents" time="36.572" errors="0" timestamp="2021-11-18T14:53:47 IST" skipped="0">
  <testcase classname="com.testscripts.semicab.ValidateStatusEvents" name="ValidateAppointment" time="36.572"/>
  <system-out>
Added Pickup location Added Drop Off location 18112021145012 Load Created Successfully  </system-out>
</testsuite> <!-- com.testscripts.semicab.ValidateStatusEvents -->
