<?xml version="1.0" encoding="UTF-8"?>
<!-- Generated by org.testng.reporters.JUnitReportReporter -->
<testsuite hostname="DESKTOP-7P730EH" failures="0" tests="2" name="com.testscripts.semicab.SemiCabTC" time="70.030" errors="0" timestamp="2021-10-07T14:06:51 IST" skipped="0">
  <testcase classname="com.testscripts.semicab.SemiCabTC" name="validatePaymentTermsforContractLoad" time="36.758"/>
  <system-out>
Added Pickup location Added Drop Off location 07102021140629 Load Created Successfully Invoice Creation has been validated succesfully  </system-out>
  <testcase classname="com.testscripts.semicab.SemiCabTC" name="validateInvoiceCreation" time="33.272"/>
  <system-out>
Added Pickup location Added Drop Off location 07102021140557 Load Created Successfully Invoice Creation has been validated succesfully  </system-out>
</testsuite> <!-- com.testscripts.semicab.SemiCabTC -->
