<?xml version="1.0" encoding="UTF-8"?>
<!-- Generated by org.testng.reporters.JUnitReportReporter -->
<testsuite hostname="DESKTOP-7P730EH" failures="0" tests="1" name="com.testscripts.semicab.ValidateInvoice" time="45.433" errors="0" timestamp="2021-10-06T12:26:37 IST" skipped="0">
  <testcase classname="com.testscripts.semicab.ValidateInvoice" name="ValidateInvoiceCreation" time="45.433"/>
  <system-out>
Added Pickup location Added Drop Off location 06102021122618 Load Created Successfully Invoice Creation has been validated succesfully  </system-out>
</testsuite> <!-- com.testscripts.semicab.ValidateInvoice -->
