<?xml version="1.0" encoding="UTF-8"?>
<!-- Generated by org.testng.reporters.JUnitReportReporter -->
<testsuite hostname="DESKTOP-7P730EH" failures="0" tests="1" name="com.testscripts.semicab.ValidatePaymentTerms" time="41.469" errors="0" timestamp="2021-11-18T14:53:47 IST" skipped="0">
  <testcase classname="com.testscripts.semicab.ValidatePaymentTerms" name="validatePaymentTermsforContractLoad" time="41.469"/>
  <system-out>
Added Pickup location Added Drop Off location 18112021145317 Load Created Successfully Invoice Creation has been validated succesfully  </system-out>
</testsuite> <!-- com.testscripts.semicab.ValidatePaymentTerms -->
