<?xml version="1.0" encoding="UTF-8"?>
<!-- Generated by org.testng.reporters.JUnitReportReporter -->
<testsuite hostname="DESKTOP-7P730EH" failures="0" tests="1" name="com.testscripts.semicab.ValidateDriverAssignment" time="42.529" errors="0" timestamp="2021-11-18T14:53:47 IST" skipped="0">
  <testcase classname="com.testscripts.semicab.ValidateDriverAssignment" name="ValidateDriverCreation" time="42.529"/>
  <system-out>
Added Pickup location Added Drop Off location 18112021145236  </system-out>
</testsuite> <!-- com.testscripts.semicab.ValidateDriverAssignment -->
