<?xml version="1.0" encoding="UTF-8"?>
<!-- Generated by org.testng.reporters.JUnitReportReporter -->
<testsuite hostname="DESKTOP-7P730EH" failures="0" tests="1" name="com.testscripts.semicab.Test" time="7.725" errors="0" timestamp="2021-10-05T18:12:39 IST" skipped="0">
  <testcase classname="com.testscripts.semicab.Test" name="test" time="7.725"/>
  <system-out/>
</testsuite> <!-- com.testscripts.semicab.Test -->
